<?xml version="1.0" encoding="UTF-8"?>
<!-- Generated by org.testng.reporters.JUnitReportReporter -->
<testsuite hostname="sameerag-ThinkPad-T540p" name="org.wso2.pc.integration.tests.publisher.PublisherAuditLogTestCase" tests="3" failures="0" timestamp="24 May 2016 01:01:16 GMT" time="2.156" errors="0">
  <testcase name="getLogs" time="2.064" classname="org.wso2.pc.integration.tests.publisher.PublisherAuditLogTestCase"/>
  <testcase name="getLogs" time="0.037" classname="org.wso2.pc.integration.tests.publisher.PublisherAuditLogTestCase"/>
  <testcase name="addProcess" time="0.055" classname="org.wso2.pc.integration.tests.publisher.PublisherAuditLogTestCase"/>
</testsuite> <!-- org.wso2.pc.integration.tests.publisher.PublisherAuditLogTestCase -->
