<?xml version="1.0" encoding="UTF-8"?>
<!-- Generated by org.testng.reporters.JUnitReportReporter -->
<testsuite hostname="sameerag-ThinkPad-T540p" name="org.wso2.pc.integration.tests.publisher.LoginTestCase" tests="1" failures="0" timestamp="24 May 2016 01:01:16 GMT" time="0.011" errors="0">
  <testcase name="loginPublisher" time="0.011" classname="org.wso2.pc.integration.tests.publisher.LoginTestCase"/>
</testsuite> <!-- org.wso2.pc.integration.tests.publisher.LoginTestCase -->
