<?xml version="1.0" encoding="UTF-8"?>
<!-- Generated by org.testng.reporters.JUnitReportReporter -->
<testsuite hostname="sameerag-ThinkPad-T540p" name="org.wso2.pc.integration.tests.publisher.AssociateBPMNTestCase" tests="3" failures="0" timestamp="24 May 2016 01:01:16 GMT" time="0.199" errors="0">
  <testcase name="checkBPMN" time="0.082" classname="org.wso2.pc.integration.tests.publisher.AssociateBPMNTestCase"/>
  <testcase name="uploadBPMN" time="0.058" classname="org.wso2.pc.integration.tests.publisher.AssociateBPMNTestCase"/>
  <testcase name="addProcess" time="0.059" classname="org.wso2.pc.integration.tests.publisher.AssociateBPMNTestCase"/>
</testsuite> <!-- org.wso2.pc.integration.tests.publisher.AssociateBPMNTestCase -->
