<?xml version="1.0" encoding="UTF-8"?>
<!-- Generated by org.testng.reporters.JUnitReportReporter -->
<testsuite hostname="sameerag-ThinkPad-T540p" name="org.wso2.pc.integration.tests.publisher.InterProcessAssociationsTestCase" tests="4" failures="0" timestamp="24 May 2016 01:01:16 GMT" time="0.680" errors="0">
  <testcase name="successorProcessTest" time="0.155" classname="org.wso2.pc.integration.tests.publisher.InterProcessAssociationsTestCase"/>
  <testcase name="predecessorTest" time="0.298" classname="org.wso2.pc.integration.tests.publisher.InterProcessAssociationsTestCase"/>
  <testcase name="addProcess" time="0.113" classname="org.wso2.pc.integration.tests.publisher.InterProcessAssociationsTestCase"/>
  <testcase name="subProcessTest" time="0.114" classname="org.wso2.pc.integration.tests.publisher.InterProcessAssociationsTestCase"/>
</testsuite> <!-- org.wso2.pc.integration.tests.publisher.InterProcessAssociationsTestCase -->
