<?xml version="1.0" encoding="UTF-8"?>
<!-- Generated by org.testng.reporters.JUnitReportReporter -->
<testsuite hostname="sameerag-ThinkPad-T540p" name="org.wso2.pc.integration.tests.publisher.ProcessTextTestCase" tests="2" failures="0" timestamp="24 May 2016 01:01:16 GMT" time="0.055" errors="0">
  <testcase name="addProcessText" time="0.026" classname="org.wso2.pc.integration.tests.publisher.ProcessTextTestCase"/>
  <testcase name="getProcessText" time="0.029" classname="org.wso2.pc.integration.tests.publisher.ProcessTextTestCase"/>
</testsuite> <!-- org.wso2.pc.integration.tests.publisher.ProcessTextTestCase -->
