<?xml version="1.0" encoding="UTF-8"?>
<!-- Generated by org.testng.reporters.JUnitReportReporter -->
<testsuite hostname="sameerag-ThinkPad-T540p" name="org.wso2.pc.integration.tests.publisher.AddProcessTestCase" tests="1" failures="0" timestamp="24 May 2016 01:01:16 GMT" time="0.053" errors="0">
  <testcase name="addProcess" time="0.053" classname="org.wso2.pc.integration.tests.publisher.AddProcessTestCase"/>
</testsuite> <!-- org.wso2.pc.integration.tests.publisher.AddProcessTestCase -->
